TN:
SF:src\weather.js
FN:1,_callee2
FN:1,_callee2$
FN:40,_callee3
FN:40,_callee3$
FN:48,_callee
FN:48,_callee$
FNF:6
FNH:6
FNDA:2,_callee2
FNDA:10,_callee2$
FNDA:3,_callee3
FNDA:12,_callee3$
FNDA:2,_callee
FNDA:4,_callee$
DA:1,1
DA:2,1
DA:3,1
DA:4,1
DA:5,1
DA:6,1
DA:7,1
DA:8,1
DA:9,1
DA:10,1
DA:11,1
DA:12,1
DA:13,1
DA:14,1
DA:15,1
DA:16,1
DA:17,1
DA:18,1
DA:19,1
DA:20,1
DA:21,1
DA:22,1
DA:23,1
DA:24,1
DA:25,1
DA:26,1
DA:27,1
DA:28,1
DA:29,1
DA:30,1
DA:31,1
DA:32,1
DA:33,1
DA:34,1
DA:35,1
DA:36,1
DA:37,1
DA:38,1
DA:39,1
DA:40,1
DA:41,1
DA:42,1
DA:43,1
DA:44,1
DA:45,1
DA:46,1
DA:47,1
DA:48,1
DA:49,2
DA:50,2
DA:51,2
DA:52,2
DA:53,2
DA:54,2
DA:55,2
DA:56,2
DA:57,2
DA:58,2
DA:59,2
DA:60,2
DA:61,2
DA:62,2
DA:63,2
DA:64,1
DA:65,1
DA:66,1
DA:67,1
DA:68,1
DA:69,1
DA:70,2
DA:71,2
DA:72,0
DA:73,0
DA:74,0
DA:75,2
DA:76,2
DA:77,2
DA:78,2
DA:79,1
LF:79
LH:76
BRDA:1,0,0,2
BRDA:1,1,0,10
BRDA:1,2,0,2
BRDA:1,3,0,2
BRDA:1,4,0,1
BRDA:1,5,0,1
BRDA:1,6,0,1
BRDA:1,7,0,1
BRDA:1,8,0,0
BRDA:1,9,0,2
BRDA:40,10,0,3
BRDA:40,11,0,12
BRDA:40,12,0,3
BRDA:40,13,0,3
BRDA:40,14,0,3
BRDA:40,15,0,0
BRDA:40,16,0,3
BRDA:48,17,0,2
BRDA:48,18,0,4
BRDA:48,19,0,2
BRDA:48,20,0,2
BRDA:63,21,0,1
BRDA:71,22,0,0
BRDA:48,23,0,2
BRDA:48,24,0,2
BRF:25
BRH:22
end_of_record
